<?xml version="1.0" encoding="UTF-8"?>
<!-- Generated by org.testng.reporters.JUnitReportReporter -->
<testsuite hostname="sujit" failures="1" tests="1" name="day6.reqres" time="2.419" errors="0" timestamp="2024-06-30T12:13:09 IST" skipped="0">
  <testcase classname="day6.reqres" name="createUser" time="2.419">
    <failure message="1 expectation failed.
Expected header &quot;Content-Type&quot; was not &quot;application/json&quot;, was &quot;text/html; charset=utf-8&quot;. Headers are:
Date=Sun, 30 Jun 2024 06:43:08 GMT
Content-Type=text/html; charset=utf-8
Transfer-Encoding=chunked
Connection=keep-alive
Report-To={&quot;group&quot;:&quot;heroku-nel&quot;,&quot;max_age&quot;:3600,&quot;endpoints&quot;:[{&quot;url&quot;:&quot;https://nel.heroku.com/reports?ts=1719729788&amp;sid=c4c9725f-1ab0-44d8-820f-430df2718e11&amp;s=sZecSMymFxLNeibLttjdgsoAqpPjUYu3f2d0H0aJEFA%3D&quot;}]}
Reporting-Endpoints=heroku-nel=https://nel.heroku.com/reports?ts=1719729788&amp;sid=c4c9725f-1ab0-44d8-820f-430df2718e11&amp;s=sZecSMymFxLNeibLttjdgsoAqpPjUYu3f2d0H0aJEFA%3D
Nel={&quot;report_to&quot;:&quot;heroku-nel&quot;,&quot;max_age&quot;:3600,&quot;success_fraction&quot;:0.005,&quot;failure_fraction&quot;:0.05,&quot;response_headers&quot;:[&quot;Via&quot;]}
X-Powered-By=Express
Access-Control-Allow-Origin=*
Via=1.1 vegur
CF-Cache-Status=DYNAMIC
Server=cloudflare
CF-RAY=89bc2e2a0b7e54aa-DEL
Content-Encoding=gzip
" type="java.lang.AssertionError">
      <![CDATA[java.lang.AssertionError: 1 expectation failed.
Expected header "Content-Type" was not "application/json", was "text/html; charset=utf-8". Headers are:
Date=Sun, 30 Jun 2024 06:43:08 GMT
Content-Type=text/html; charset=utf-8
Transfer-Encoding=chunked
Connection=keep-alive
Report-To={"group":"heroku-nel","max_age":3600,"endpoints":[{"url":"https://nel.heroku.com/reports?ts=1719729788&sid=c4c9725f-1ab0-44d8-820f-430df2718e11&s=sZecSMymFxLNeibLttjdgsoAqpPjUYu3f2d0H0aJEFA%3D"}]}
Reporting-Endpoints=heroku-nel=https://nel.heroku.com/reports?ts=1719729788&sid=c4c9725f-1ab0-44d8-820f-430df2718e11&s=sZecSMymFxLNeibLttjdgsoAqpPjUYu3f2d0H0aJEFA%3D
Nel={"report_to":"heroku-nel","max_age":3600,"success_fraction":0.005,"failure_fraction":0.05,"response_headers":["Via"]}
X-Powered-By=Express
Access-Control-Allow-Origin=*
Via=1.1 vegur
CF-Cache-Status=DYNAMIC
Server=cloudflare
CF-RAY=89bc2e2a0b7e54aa-DEL
Content-Encoding=gzip

at java.base/jdk.internal.reflect.NativeConstructorAccessorImpl.newInstance0(Native Method)
at java.base/jdk.internal.reflect.NativeConstructorAccessorImpl.newInstance(NativeConstructorAccessorImpl.java:77)
at java.base/jdk.internal.reflect.DelegatingConstructorAccessorImpl.newInstance(DelegatingConstructorAccessorImpl.java:45)
at java.base/java.lang.reflect.Constructor.newInstanceWithCaller(Constructor.java:499)
at java.base/java.lang.reflect.Constructor.newInstance(Constructor.java:480)
at org.codehaus.groovy.reflection.CachedConstructor.invoke(CachedConstructor.java:73)
at org.codehaus.groovy.runtime.callsite.ConstructorSite$ConstructorSiteNoUnwrapNoCoerce.callConstructor(ConstructorSite.java:108)
at org.codehaus.groovy.runtime.callsite.CallSiteArray.defaultCallConstructor(CallSiteArray.java:57)
at org.codehaus.groovy.runtime.callsite.AbstractCallSite.callConstructor(AbstractCallSite.java:263)
at org.codehaus.groovy.runtime.callsite.AbstractCallSite.callConstructor(AbstractCallSite.java:277)
at io.restassured.internal.ResponseSpecificationImpl$HamcrestAssertionClosure.validate(ResponseSpecificationImpl.groovy:512)
at io.restassured.internal.ResponseSpecificationImpl$HamcrestAssertionClosure$validate$1.call(Unknown Source)
at org.codehaus.groovy.runtime.callsite.CallSiteArray.defaultCall(CallSiteArray.java:45)
at org.codehaus.groovy.runtime.callsite.AbstractCallSite.call(AbstractCallSite.java:125)
at org.codehaus.groovy.runtime.callsite.AbstractCallSite.call(AbstractCallSite.java:139)
at io.restassured.internal.ResponseSpecificationImpl.validate(ResponseSpecificationImpl.groovy:101)
at io.restassured.internal.ValidatableResponseOptionsImpl.spec(ValidatableResponseOptionsImpl.java:288)
at day6.reqres.createUser(reqres.java:33)
at java.base/jdk.internal.reflect.NativeMethodAccessorImpl.invoke0(Native Method)
at java.base/jdk.internal.reflect.NativeMethodAccessorImpl.invoke(NativeMethodAccessorImpl.java:77)
at java.base/jdk.internal.reflect.DelegatingMethodAccessorImpl.invoke(DelegatingMethodAccessorImpl.java:43)
at java.base/java.lang.reflect.Method.invoke(Method.java:568)
at org.testng.internal.invokers.MethodInvocationHelper.invokeMethod(MethodInvocationHelper.java:139)
at org.testng.internal.invokers.TestInvoker.invokeMethod(TestInvoker.java:677)
at org.testng.internal.invokers.TestInvoker.invokeTestMethod(TestInvoker.java:221)
at org.testng.internal.invokers.MethodRunner.runInSequence(MethodRunner.java:50)
at org.testng.internal.invokers.TestInvoker$MethodInvocationAgent.invoke(TestInvoker.java:969)
at org.testng.internal.invokers.TestInvoker.invokeTestMethods(TestInvoker.java:194)
at org.testng.internal.invokers.TestMethodWorker.invokeTestMethods(TestMethodWorker.java:148)
at org.testng.internal.invokers.TestMethodWorker.run(TestMethodWorker.java:128)
at java.base/java.util.ArrayList.forEach(ArrayList.java:1511)
at org.testng.TestRunner.privateRun(TestRunner.java:829)
at org.testng.TestRunner.run(TestRunner.java:602)
at org.testng.SuiteRunner.runTest(SuiteRunner.java:437)
at org.testng.SuiteRunner.runSequentially(SuiteRunner.java:431)
at org.testng.SuiteRunner.privateRun(SuiteRunner.java:391)
at org.testng.SuiteRunner.run(SuiteRunner.java:330)
at org.testng.SuiteRunnerWorker.runSuite(SuiteRunnerWorker.java:52)
at org.testng.SuiteRunnerWorker.run(SuiteRunnerWorker.java:95)
at org.testng.TestNG.runSuitesSequentially(TestNG.java:1256)
at org.testng.TestNG.runSuitesLocally(TestNG.java:1176)
at org.testng.TestNG.runSuites(TestNG.java:1099)
at org.testng.TestNG.run(TestNG.java:1067)
at org.testng.remote.AbstractRemoteTestNG.run(AbstractRemoteTestNG.java:115)
at org.testng.remote.RemoteTestNG.initAndRun(RemoteTestNG.java:251)
at org.testng.remote.RemoteTestNG.main(RemoteTestNG.java:77)
]]>
    </failure>
  </testcase> <!-- createUser -->
  <system-out/>
</testsuite> <!-- day6.reqres -->
